TN:
SF:packages\framework\src\index.ts
FNF:0
FNH:0
DA:1,0
DA:2,0
DA:3,0
DA:4,0
DA:5,0
DA:6,0
DA:7,0
DA:8,0
DA:9,0
DA:10,0
DA:11,0
DA:12,0
DA:13,0
LF:13
LH:0
BRF:0
BRH:0
end_of_record
TN:
SF:packages\framework\src\abstracts\index.ts
FNF:0
FNH:0
DA:1,1
DA:3,1
DA:4,1
DA:5,1
DA:7,1
LF:5
LH:5
BRF:0
BRH:0
end_of_record
TN:
SF:packages\framework\src\abstracts\entity\index.ts
FNF:0
FNH:0
DA:1,1
DA:2,1
DA:3,1
LF:3
LH:3
BRF:0
BRH:0
end_of_record
TN:
SF:packages\framework\src\abstracts\entity\collection\AbsKeyValue.ts
FN:19,(anonymous_0)
FNF:1
FNH:0
FNDA:0,(anonymous_0)
DA:2,2
DA:5,2
DA:20,0
LF:3
LH:2
BRF:0
BRH:0
end_of_record
TN:
SF:packages\framework\src\abstracts\entity\collection\AbsList.ts
FN:42,(anonymous_0)
FNF:1
FNH:0
FNDA:0,(anonymous_0)
DA:3,2
DA:19,2
DA:43,0
LF:3
LH:2
BRF:0
BRH:0
end_of_record
TN:
SF:packages\framework\src\abstracts\entity\collection\AbsTree.ts
FN:94,(anonymous_0)
FNF:1
FNH:0
FNDA:0,(anonymous_0)
DA:2,2
DA:75,2
DA:95,0
LF:3
LH:2
BRF:0
BRH:0
end_of_record
TN:
SF:packages\framework\src\abstracts\entity\collection\index.ts
FNF:0
FNH:0
DA:1,2
DA:2,2
DA:3,2
LF:3
LH:3
BRF:0
BRH:0
end_of_record
TN:
SF:packages\framework\src\abstracts\entity\context\AbsContext.ts
FN:6,(anonymous_0)
FNF:1
FNH:0
FNDA:0,(anonymous_0)
DA:1,0
DA:5,0
DA:7,0
LF:3
LH:0
BRF:0
BRH:0
end_of_record
TN:
SF:packages\framework\src\abstracts\entity\context\index.ts
FNF:0
FNH:0
DA:1,1
LF:1
LH:1
BRF:0
BRH:0
end_of_record
TN:
SF:packages\framework\src\abstracts\entity\logger\AbsLogger.ts
FN:6,(anonymous_0)
FNF:1
FNH:0
FNDA:0,(anonymous_0)
DA:1,0
DA:5,0
DA:7,0
LF:3
LH:0
BRF:0
BRH:0
end_of_record
TN:
SF:packages\framework\src\abstracts\entity\logger\index.ts
FNF:0
FNH:0
DA:1,1
LF:1
LH:1
BRF:0
BRH:0
end_of_record
TN:
SF:packages\framework\src\abstracts\generator\AbsGenerator.ts
FNF:0
FNH:0
DA:1,2
DA:3,2
LF:2
LH:2
BRF:0
BRH:0
end_of_record
TN:
SF:packages\framework\src\abstracts\generator\index.ts
FNF:0
FNH:0
DA:1,1
LF:1
LH:1
BRF:0
BRH:0
end_of_record
TN:
SF:packages\framework\src\abstracts\identifier\Identifier.ts
FN:8,createIdentifier
FN:13,(anonymous_1)
FN:17,(anonymous_2)
FN:20,(anonymous_3)
FNF:4
FNH:3
FNDA:0,createIdentifier
FNDA:8,(anonymous_1)
FNDA:4,(anonymous_2)
FNDA:7,(anonymous_3)
DA:1,2
DA:8,2
DA:9,0
DA:12,2
DA:13,8
DA:14,8
DA:18,4
DA:21,7
LF:8
LH:7
BRF:0
BRH:0
end_of_record
TN:
SF:packages\framework\src\abstracts\identifier\index.ts
FNF:0
FNH:0
DA:1,1
DA:2,1
DA:3,1
DA:4,1
DA:5,1
DA:6,1
DA:7,1
DA:8,1
DA:9,1
DA:10,1
DA:11,1
LF:11
LH:11
BRF:0
BRH:0
end_of_record
TN:
SF:packages\framework\src\abstracts\identifier\action\ActionIdentifier.ts
FN:5,createActionIdentifier
FNF:1
FNH:0
FNDA:0,createActionIdentifier
DA:1,1
DA:5,1
DA:6,0
DA:9,1
LF:4
LH:3
BRF:0
BRH:0
end_of_record
TN:
SF:packages\framework\src\abstracts\identifier\action\index.ts
FNF:0
FNH:0
DA:1,1
LF:1
LH:1
BRF:0
BRH:0
end_of_record
TN:
SF:packages\framework\src\abstracts\identifier\broker\Broker.ts
FN:5,createBroker
FNF:1
FNH:0
FNDA:0,createBroker
DA:1,1
DA:5,1
DA:6,0
DA:9,1
LF:4
LH:3
BRF:0
BRH:0
end_of_record
TN:
SF:packages\framework\src\abstracts\identifier\broker\index.ts
FNF:0
FNH:0
DA:1,1
LF:1
LH:1
BRF:0
BRH:0
end_of_record
TN:
SF:packages\framework\src\abstracts\identifier\command\CommandIdentifire.ts
FN:5,createCommandIdentifire
FN:10,(anonymous_1)
FNF:2
FNH:1
FNDA:0,createCommandIdentifire
FNDA:8,(anonymous_1)
DA:1,2
DA:5,2
DA:6,0
DA:9,2
DA:11,8
LF:5
LH:4
BRF:0
BRH:0
end_of_record
TN:
SF:packages\framework\src\abstracts\identifier\command\index.ts
FNF:0
FNH:0
DA:1,1
LF:1
LH:1
BRF:0
BRH:0
end_of_record
TN:
SF:packages\framework\src\abstracts\identifier\dispatcher\Dispatcher.ts
FN:5,createDispatcher
FNF:1
FNH:0
FNDA:0,createDispatcher
DA:1,1
DA:5,1
DA:6,0
DA:9,1
LF:4
LH:3
BRF:0
BRH:0
end_of_record
TN:
SF:packages\framework\src\abstracts\identifier\dispatcher\EventDispatcher.ts
FN:5,createEventDispatcher
FNF:1
FNH:0
FNDA:0,createEventDispatcher
DA:1,0
DA:5,0
DA:6,0
DA:9,0
LF:4
LH:0
BRF:0
BRH:0
end_of_record
TN:
SF:packages\framework\src\abstracts\identifier\dispatcher\index.ts
FNF:0
FNH:0
DA:1,1
LF:1
LH:1
BRF:0
BRH:0
end_of_record
TN:
SF:packages\framework\src\abstracts\identifier\exception\ExceptionIdentifier.ts
FN:5,createExceptionIdentifier
FNF:1
FNH:0
FNDA:0,createExceptionIdentifier
DA:1,1
DA:5,1
DA:6,0
DA:9,1
LF:4
LH:3
BRF:0
BRH:0
end_of_record
TN:
SF:packages\framework\src\abstracts\identifier\exception\index.ts
FNF:0
FNH:0
DA:1,1
LF:1
LH:1
BRF:0
BRH:0
end_of_record
TN:
SF:packages\framework\src\abstracts\identifier\interpreter\EventInterpreterIdentifier.ts
FN:5,createEventInterpreterIdentifier
FNF:1
FNH:0
FNDA:0,createEventInterpreterIdentifier
DA:1,1
DA:5,1
DA:6,0
DA:9,1
LF:4
LH:3
BRF:0
BRH:0
end_of_record
TN:
SF:packages\framework\src\abstracts\identifier\interpreter\InterpreterIdentifire.ts
FN:5,createInterpreterIdentifire
FNF:1
FNH:0
FNDA:0,createInterpreterIdentifire
DA:1,1
DA:5,1
DA:6,0
DA:9,1
LF:4
LH:3
BRF:0
BRH:0
end_of_record
TN:
SF:packages\framework\src\abstracts\identifier\interpreter\index.ts
FNF:0
FNH:0
DA:1,1
DA:2,1
LF:2
LH:2
BRF:0
BRH:0
end_of_record
TN:
SF:packages\framework\src\abstracts\identifier\page\PageIdentifier.ts
FN:5,createPageIdentifier
FNF:1
FNH:0
FNDA:0,createPageIdentifier
DA:1,1
DA:5,1
DA:6,0
DA:9,1
LF:4
LH:3
BRF:0
BRH:0
end_of_record
TN:
SF:packages\framework\src\abstracts\identifier\page\index.ts
FNF:0
FNH:0
DA:1,1
LF:1
LH:1
BRF:0
BRH:0
end_of_record
TN:
SF:packages\framework\src\abstracts\identifier\registry\RegisterIdentifier.ts
FN:5,createRegisterIdentifier
FNF:1
FNH:0
FNDA:0,createRegisterIdentifier
DA:1,1
DA:5,1
DA:6,0
DA:9,1
LF:4
LH:3
BRF:0
BRH:0
end_of_record
TN:
SF:packages\framework\src\abstracts\identifier\registry\index.ts
FNF:0
FNH:0
DA:1,1
LF:1
LH:1
BRF:0
BRH:0
end_of_record
TN:
SF:packages\framework\src\abstracts\identifier\service\ServiceIdentifier.ts
FN:5,createServiceIdentifier
FNF:1
FNH:0
FNDA:0,createServiceIdentifier
DA:1,0
DA:5,0
DA:6,0
DA:9,0
LF:4
LH:0
BRF:0
BRH:0
end_of_record
TN:
SF:packages\framework\src\abstracts\identifier\task\TaskIdentifier.ts
FN:5,createTaskIdentifier
FNF:1
FNH:0
FNDA:0,createTaskIdentifier
DA:1,1
DA:5,1
DA:6,0
DA:9,1
LF:4
LH:3
BRF:0
BRH:0
end_of_record
TN:
SF:packages\framework\src\abstracts\identifier\task\index.ts
FNF:0
FNH:0
DA:1,1
LF:1
LH:1
BRF:0
BRH:0
end_of_record
TN:
SF:packages\framework\src\abstracts\identifier\useraction\UserActionIdentifier.ts
FN:5,createUserActionIdentifier
FNF:1
FNH:0
FNDA:0,createUserActionIdentifier
DA:1,0
DA:5,0
DA:6,0
DA:9,0
LF:4
LH:0
BRF:0
BRH:0
end_of_record
TN:
SF:packages\framework\src\abstracts\identifier\workflow\WorkflowIdentifier.ts
FN:5,createWorkflowIdentifier
FNF:1
FNH:0
FNDA:0,createWorkflowIdentifier
DA:1,1
DA:5,1
DA:6,0
DA:9,1
LF:4
LH:3
BRF:0
BRH:0
end_of_record
TN:
SF:packages\framework\src\abstracts\identifier\workflow\index.ts
FNF:0
FNH:0
DA:1,1
LF:1
LH:1
BRF:0
BRH:0
end_of_record
TN:
SF:packages\framework\src\abstracts\module\AbsModule.ts
FN:5,(anonymous_0)
FN:9,(anonymous_1)
FNF:2
FNH:0
FNDA:0,(anonymous_0)
FNDA:0,(anonymous_1)
DA:1,1
DA:4,1
DA:6,0
DA:9,0
DA:10,0
LF:5
LH:2
BRF:0
BRH:0
end_of_record
TN:
SF:packages\framework\src\abstracts\module\AbsModuleConfiguration.ts
FNF:0
FNH:0
DA:1,1
DA:5,1
LF:2
LH:2
BRF:0
BRH:0
end_of_record
TN:
SF:packages\framework\src\abstracts\module\index.ts
FNF:0
FNH:0
DA:1,1
DA:2,1
LF:2
LH:2
BRF:0
BRH:0
end_of_record
TN:
SF:packages\framework\src\abstracts\shape\Shape.ts
FN:30,(anonymous_0)
FN:39,(anonymous_1)
FN:45,(anonymous_2)
FN:48,(anonymous_3)
FN:54,(anonymous_4)
FN:57,(anonymous_5)
FN:63,(anonymous_6)
FNF:7
FNH:0
FNDA:0,(anonymous_0)
FNDA:0,(anonymous_1)
FNDA:0,(anonymous_2)
FNDA:0,(anonymous_3)
FNDA:0,(anonymous_4)
FNDA:0,(anonymous_5)
FNDA:0,(anonymous_6)
DA:7,0
DA:37,0
DA:40,0
DA:41,0
DA:43,0
DA:46,0
DA:49,0
DA:50,0
DA:52,0
DA:55,0
DA:58,0
DA:59,0
DA:61,0
DA:64,0
LF:14
LH:0
BRDA:40,0,0,0
BRDA:49,1,0,0
BRDA:58,2,0,0
BRF:3
BRH:0
end_of_record
TN:
SF:packages\framework\src\abstracts\shape\index.ts
FNF:0
FNH:0
DA:1,1
LF:1
LH:1
BRF:0
BRH:0
end_of_record
TN:
SF:packages\framework\src\abstracts\solution\AbsSolution.ts
FN:6,(anonymous_0)
FN:12,(anonymous_1)
FNF:2
FNH:0
FNDA:0,(anonymous_0)
FNDA:0,(anonymous_1)
DA:1,0
DA:5,0
DA:6,0
DA:7,0
DA:13,0
LF:5
LH:0
BRF:0
BRH:0
end_of_record
TN:
SF:packages\framework\src\abstracts\solution\index.ts
FNF:0
FNH:0
DA:1,0
LF:1
LH:0
BRF:0
BRH:0
end_of_record
TN:
SF:packages\framework\src\attrs\index.ts
FNF:0
FNH:0
DA:1,1
DA:2,1
DA:3,1
LF:3
LH:3
BRF:0
BRH:0
end_of_record
TN:
SF:packages\framework\src\attrs\Initializer_attrs\default_value.ts
FNF:0
FNH:0
DA:2,1
LF:1
LH:1
BRF:0
BRH:0
end_of_record
TN:
SF:packages\framework\src\attrs\Initializer_attrs\index.ts
FNF:0
FNH:0
DA:1,1
LF:1
LH:1
BRF:0
BRH:0
end_of_record
TN:
SF:packages\framework\src\attrs\renderer_attrs\display_state.ts
FNF:0
FNH:0
DA:4,1
LF:1
LH:1
BRF:0
BRH:0
end_of_record
TN:
SF:packages\framework\src\attrs\renderer_attrs\index.ts
FNF:0
FNH:0
DA:1,1
LF:1
LH:1
BRF:0
BRH:0
end_of_record
TN:
SF:packages\framework\src\attrs\validator_attrs\index.ts
FNF:0
FNH:0
DA:1,1
LF:1
LH:1
BRF:0
BRH:0
end_of_record
TN:
SF:packages\framework\src\attrs\validator_attrs\not_null.ts
FNF:0
FNH:0
DA:2,1
LF:1
LH:1
BRF:0
BRH:0
end_of_record
TN:
SF:packages\framework\src\authority\index.ts
FNF:0
FNH:0
DA:1,1
LF:1
LH:1
BRF:0
BRH:0
end_of_record
TN:
SF:packages\framework\src\computedvalues\index.ts
FNF:0
FNH:0
DA:1,1
LF:1
LH:1
BRF:0
BRH:0
end_of_record
TN:
SF:packages\framework\src\datatypes\$$primitive_datatypes.ts
FNF:0
FNH:0
DA:36,2
LF:1
LH:1
BRF:0
BRH:0
end_of_record
TN:
SF:packages\framework\src\datatypes\index.ts
FNF:0
FNH:0
DA:1,2
DA:2,2
DA:3,2
LF:3
LH:3
BRF:0
BRH:0
end_of_record
TN:
SF:packages\framework\src\datatypes\primitive_datatypes\$$code.ts
FNF:0
FNH:0
DA:3,2
LF:1
LH:1
BRF:0
BRH:0
end_of_record
TN:
SF:packages\framework\src\datatypes\primitive_datatypes\$$date.ts
FNF:0
FNH:0
DA:1,2
LF:1
LH:1
BRF:0
BRH:0
end_of_record
TN:
SF:packages\framework\src\datatypes\primitive_datatypes\$$datetime.ts
FNF:0
FNH:0
DA:1,2
LF:1
LH:1
BRF:0
BRH:0
end_of_record
TN:
SF:packages\framework\src\datatypes\primitive_datatypes\$$decimal.ts
FNF:0
FNH:0
DA:1,2
LF:1
LH:1
BRF:0
BRH:0
end_of_record
TN:
SF:packages\framework\src\datatypes\primitive_datatypes\$$enum.ts
FNF:0
FNH:0
DA:6,2
LF:1
LH:1
BRF:0
BRH:0
end_of_record
TN:
SF:packages\framework\src\datatypes\primitive_datatypes\$$multicode.ts
FNF:0
FNH:0
DA:3,2
LF:1
LH:1
BRF:0
BRH:0
end_of_record
TN:
SF:packages\framework\src\datatypes\primitive_datatypes\$$null.ts
FNF:0
FNH:0
DA:1,2
LF:1
LH:1
BRF:0
BRH:0
end_of_record
TN:
SF:packages\framework\src\datatypes\primitive_datatypes\$$numeric.ts
FNF:0
FNH:0
DA:1,2
LF:1
LH:1
BRF:0
BRH:0
end_of_record
TN:
SF:packages\framework\src\datatypes\primitive_datatypes\$$tf.ts
FNF:0
FNH:0
DA:1,2
LF:1
LH:1
BRF:0
BRH:0
end_of_record
TN:
SF:packages\framework\src\datatypes\primitive_datatypes\$$txt.ts
FNF:0
FNH:0
DA:1,2
LF:1
LH:1
BRF:0
BRH:0
end_of_record
TN:
SF:packages\framework\src\datatypes\primitive_datatypes\$$undefined.ts
FNF:0
FNH:0
DA:1,2
LF:1
LH:1
BRF:0
BRH:0
end_of_record
TN:
SF:packages\framework\src\datatypes\primitive_datatypes\index.ts
FNF:0
FNH:0
DA:1,2
DA:2,2
DA:3,2
DA:4,2
DA:6,2
DA:7,2
DA:8,2
DA:9,2
DA:10,2
DA:11,2
DA:12,2
DA:13,2
DA:14,2
DA:15,2
DA:16,2
LF:15
LH:15
BRF:0
BRH:0
end_of_record
TN:
SF:packages\framework\src\datatypes\primitive_datatypes\border_style\index.ts
FNF:0
FNH:0
DA:1,2
DA:2,2
DA:3,2
LF:3
LH:3
BRF:0
BRH:0
end_of_record
TN:
SF:packages\framework\src\datatypes\primitive_datatypes\border_style\color\$$border_bottom_color.ts
FNF:0
FNH:0
DA:3,2
LF:1
LH:1
BRF:0
BRH:0
end_of_record
TN:
SF:packages\framework\src\datatypes\primitive_datatypes\border_style\color\$$border_left_color.ts
FNF:0
FNH:0
DA:3,2
LF:1
LH:1
BRF:0
BRH:0
end_of_record
TN:
SF:packages\framework\src\datatypes\primitive_datatypes\border_style\color\$$border_right_color.ts
FNF:0
FNH:0
DA:3,2
LF:1
LH:1
BRF:0
BRH:0
end_of_record
TN:
SF:packages\framework\src\datatypes\primitive_datatypes\border_style\color\$$border_top_color.ts
FNF:0
FNH:0
DA:3,2
LF:1
LH:1
BRF:0
BRH:0
end_of_record
TN:
SF:packages\framework\src\datatypes\primitive_datatypes\border_style\color\index.ts
FNF:0
FNH:0
DA:1,2
DA:2,2
DA:3,2
DA:4,2
LF:4
LH:4
BRF:0
BRH:0
end_of_record
TN:
SF:packages\framework\src\datatypes\primitive_datatypes\border_style\style\$$border_bottom_style.ts
FNF:0
FNH:0
DA:3,2
LF:1
LH:1
BRF:0
BRH:0
end_of_record
TN:
SF:packages\framework\src\datatypes\primitive_datatypes\border_style\style\$$border_left_style.ts
FNF:0
FNH:0
DA:3,2
LF:1
LH:1
BRF:0
BRH:0
end_of_record
TN:
SF:packages\framework\src\datatypes\primitive_datatypes\border_style\style\$$border_right_style.ts
FNF:0
FNH:0
DA:3,2
LF:1
LH:1
BRF:0
BRH:0
end_of_record
TN:
SF:packages\framework\src\datatypes\primitive_datatypes\border_style\style\$$border_top_style.ts
FNF:0
FNH:0
DA:3,2
LF:1
LH:1
BRF:0
BRH:0
end_of_record
TN:
SF:packages\framework\src\datatypes\primitive_datatypes\border_style\style\index.ts
FNF:0
FNH:0
DA:1,2
DA:2,2
DA:3,2
DA:4,2
LF:4
LH:4
BRF:0
BRH:0
end_of_record
TN:
SF:packages\framework\src\datatypes\primitive_datatypes\border_style\width\$$border_bottom_width.ts
FNF:0
FNH:0
DA:3,2
LF:1
LH:1
BRF:0
BRH:0
end_of_record
TN:
SF:packages\framework\src\datatypes\primitive_datatypes\border_style\width\$$border_left_width.ts
FNF:0
FNH:0
DA:3,2
LF:1
LH:1
BRF:0
BRH:0
end_of_record
TN:
SF:packages\framework\src\datatypes\primitive_datatypes\border_style\width\$$border_right_width.ts
FNF:0
FNH:0
DA:3,2
LF:1
LH:1
BRF:0
BRH:0
end_of_record
TN:
SF:packages\framework\src\datatypes\primitive_datatypes\border_style\width\$$border_top_width.ts
FNF:0
FNH:0
DA:3,2
LF:1
LH:1
BRF:0
BRH:0
end_of_record
TN:
SF:packages\framework\src\datatypes\primitive_datatypes\border_style\width\index.ts
FNF:0
FNH:0
DA:1,2
DA:2,2
DA:3,2
DA:4,2
LF:4
LH:4
BRF:0
BRH:0
end_of_record
TN:
SF:packages\framework\src\datatypes\primitive_datatypes\date_format\$$day.ts
FNF:0
FNH:0
DA:3,2
LF:1
LH:1
BRF:0
BRH:0
end_of_record
TN:
SF:packages\framework\src\datatypes\primitive_datatypes\date_format\$$month.ts
FNF:0
FNH:0
DA:3,2
LF:1
LH:1
BRF:0
BRH:0
end_of_record
TN:
SF:packages\framework\src\datatypes\primitive_datatypes\date_format\$$year.ts
FNF:0
FNH:0
DA:3,2
LF:1
LH:1
BRF:0
BRH:0
end_of_record
TN:
SF:packages\framework\src\datatypes\primitive_datatypes\date_format\index.ts
FNF:0
FNH:0
DA:1,2
DA:2,2
DA:3,2
LF:3
LH:3
BRF:0
BRH:0
end_of_record
TN:
SF:packages\framework\src\datatypes\primitive_datatypes\datetime_format\$$hour.ts
FNF:0
FNH:0
DA:3,2
LF:1
LH:1
BRF:0
BRH:0
end_of_record
TN:
SF:packages\framework\src\datatypes\primitive_datatypes\datetime_format\$$millisecond.ts
FNF:0
FNH:0
DA:3,2
LF:1
LH:1
BRF:0
BRH:0
end_of_record
TN:
SF:packages\framework\src\datatypes\primitive_datatypes\datetime_format\$$minute.ts
FNF:0
FNH:0
DA:3,2
LF:1
LH:1
BRF:0
BRH:0
end_of_record
TN:
SF:packages\framework\src\datatypes\primitive_datatypes\datetime_format\$$second.ts
FNF:0
FNH:0
DA:3,2
LF:1
LH:1
BRF:0
BRH:0
end_of_record
TN:
SF:packages\framework\src\datatypes\primitive_datatypes\datetime_format\index.ts
FNF:0
FNH:0
DA:1,2
DA:2,2
DA:3,2
DA:4,2
LF:4
LH:4
BRF:0
BRH:0
end_of_record
TN:
SF:packages\framework\src\datatypes\primitive_datatypes\font_style\$$backgroundcolor.ts
FNF:0
FNH:0
DA:3,2
LF:1
LH:1
BRF:0
BRH:0
end_of_record
TN:
SF:packages\framework\src\datatypes\primitive_datatypes\font_style\$$bold.ts
FNF:0
FNH:0
DA:3,2
LF:1
LH:1
BRF:0
BRH:0
end_of_record
TN:
SF:packages\framework\src\datatypes\primitive_datatypes\font_style\$$forecolor.ts
FNF:0
FNH:0
DA:3,2
LF:1
LH:1
BRF:0
BRH:0
end_of_record
TN:
SF:packages\framework\src\datatypes\primitive_datatypes\font_style\$$horizontal_align.ts
FNF:0
FNH:0
DA:3,2
LF:1
LH:1
BRF:0
BRH:0
end_of_record
TN:
SF:packages\framework\src\datatypes\primitive_datatypes\font_style\$$italic.ts
FNF:0
FNH:0
DA:3,2
LF:1
LH:1
BRF:0
BRH:0
end_of_record
TN:
SF:packages\framework\src\datatypes\primitive_datatypes\font_style\$$strike.ts
FNF:0
FNH:0
DA:3,2
LF:1
LH:1
BRF:0
BRH:0
end_of_record
TN:
SF:packages\framework\src\datatypes\primitive_datatypes\font_style\$$underline.ts
FNF:0
FNH:0
DA:3,2
LF:1
LH:1
BRF:0
BRH:0
end_of_record
TN:
SF:packages\framework\src\datatypes\primitive_datatypes\font_style\$$vertical_align.ts
FNF:0
FNH:0
DA:3,2
LF:1
LH:1
BRF:0
BRH:0
end_of_record
TN:
SF:packages\framework\src\datatypes\primitive_datatypes\font_style\index.ts
FNF:0
FNH:0
DA:1,2
DA:2,2
DA:3,2
DA:4,2
DA:5,2
DA:6,2
DA:7,2
DA:8,2
LF:8
LH:8
BRF:0
BRH:0
end_of_record
TN:
SF:packages\framework\src\datatypes\range_datatypes\$$date_range.ts
FNF:0
FNH:0
DA:3,2
LF:1
LH:1
BRF:0
BRH:0
end_of_record
TN:
SF:packages\framework\src\datatypes\range_datatypes\$$datetime_range.ts
FNF:0
FNH:0
DA:3,2
LF:1
LH:1
BRF:0
BRH:0
end_of_record
TN:
SF:packages\framework\src\datatypes\range_datatypes\$$decimal_range.ts
FNF:0
FNH:0
DA:3,2
LF:1
LH:1
BRF:0
BRH:0
end_of_record
TN:
SF:packages\framework\src\datatypes\range_datatypes\$$numeric_range.ts
FNF:0
FNH:0
DA:3,2
LF:1
LH:1
BRF:0
BRH:0
end_of_record
TN:
SF:packages\framework\src\datatypes\range_datatypes\$$range.ts
FNF:0
FNH:0
DA:1,2
LF:1
LH:1
BRF:0
BRH:0
end_of_record
TN:
SF:packages\framework\src\datatypes\range_datatypes\$$txt_range.ts
FNF:0
FNH:0
DA:3,2
LF:1
LH:1
BRF:0
BRH:0
end_of_record
TN:
SF:packages\framework\src\datatypes\range_datatypes\index.ts
FNF:0
FNH:0
DA:2,2
DA:5,2
DA:6,2
DA:7,2
DA:8,2
DA:9,2
LF:6
LH:6
BRF:0
BRH:0
end_of_record
TN:
SF:packages\framework\src\decoarator\@lifecycle.ts
FN:3,lifecycle
FN:4,lifecycle_constructor
FNF:2
FNH:0
FNDA:0,lifecycle
FNDA:0,lifecycle_constructor
DA:3,0
DA:4,0
DA:5,0
LF:3
LH:0
BRF:0
BRH:0
end_of_record
TN:
SF:packages\framework\src\decoarator\@methodHook.ts
FN:1,methodHook
FN:7,(anonymous_1)
FNF:2
FNH:0
FNDA:0,methodHook
FNDA:0,(anonymous_1)
DA:1,0
DA:6,0
DA:7,0
DA:8,0
DA:9,0
DA:10,0
LF:6
LH:0
BRF:0
BRH:0
end_of_record
TN:
SF:packages\framework\src\decoarator\@sealed.ts
FN:1,sealed
FN:2,sealed_constructor
FNF:2
FNH:0
FNDA:0,sealed
FNDA:0,sealed_constructor
DA:1,0
DA:2,0
DA:3,0
LF:3
LH:0
BRF:0
BRH:0
end_of_record
TN:
SF:packages\framework\src\decoarator\@service.ts
FN:3,service
FN:4,(anonymous_1)
FNF:2
FNH:0
FNDA:0,service
FNDA:0,(anonymous_1)
DA:3,0
DA:4,0
DA:5,0
LF:3
LH:0
BRF:0
BRH:0
end_of_record
TN:
SF:packages\framework\src\decoarator\index.ts
FNF:0
FNH:0
DA:1,1
LF:1
LH:1
BRF:0
BRH:0
end_of_record
TN:
SF:packages\framework\src\enums\Enum.ts
FN:1,(anonymous_0)
FN:14,(anonymous_1)
FN:36,(anonymous_2)
FN:42,(anonymous_3)
FN:49,(anonymous_4)
FN:58,(anonymous_5)
FN:65,(anonymous_6)
FNF:7
FNH:7
FNDA:1,(anonymous_0)
FNDA:1,(anonymous_1)
FNDA:1,(anonymous_2)
FNDA:1,(anonymous_3)
FNDA:1,(anonymous_4)
FNDA:1,(anonymous_5)
FNDA:1,(anonymous_6)
DA:1,1
DA:2,1
DA:3,1
DA:4,1
DA:5,1
DA:6,1
DA:7,1
DA:8,1
DA:9,1
DA:10,1
DA:11,1
DA:14,1
DA:15,1
DA:17,1
DA:18,1
DA:20,1
DA:21,1
DA:22,1
DA:23,1
DA:24,1
DA:26,1
DA:27,1
DA:28,1
DA:29,1
DA:31,1
DA:36,1
DA:37,1
DA:38,1
DA:39,1
DA:42,1
DA:43,1
DA:44,1
DA:45,1
DA:46,1
DA:49,1
DA:50,1
DA:51,1
DA:52,1
DA:53,1
DA:58,1
DA:59,1
DA:60,1
DA:61,1
DA:62,1
DA:65,1
DA:66,1
DA:67,1
LF:47
LH:47
BRDA:1,0,0,1
BRDA:1,0,1,1
BRDA:14,1,0,1
BRDA:14,1,1,1
BRDA:36,2,0,1
BRDA:36,2,1,1
BRDA:42,3,0,1
BRDA:42,3,1,1
BRDA:49,4,0,1
BRDA:49,4,1,1
BRDA:58,5,0,1
BRDA:58,5,1,1
BRDA:65,6,0,1
BRDA:65,6,1,1
BRF:14
BRH:14
end_of_record
TN:
SF:packages\framework\src\enums\index.ts
FNF:0
FNH:0
DA:1,1
DA:3,1
DA:4,1
DA:5,1
LF:4
LH:4
BRF:0
BRH:0
end_of_record
TN:
SF:packages\framework\src\enums\action\EN_ACTION_TYPE.ts
FN:1,(anonymous_0)
FNF:1
FNH:0
FNDA:0,(anonymous_0)
DA:1,0
DA:2,0
DA:3,0
DA:4,0
DA:5,0
DA:6,0
DA:7,0
DA:8,0
DA:9,0
DA:10,0
DA:11,0
DA:12,0
DA:13,0
LF:13
LH:0
BRDA:1,0,0,0
BRDA:1,0,1,0
BRF:2
BRH:0
end_of_record
TN:
SF:packages\framework\src\enums\border_style\EN_BORDER_STYLE.ts
FN:1,(anonymous_0)
FNF:1
FNH:1
FNDA:1,(anonymous_0)
DA:1,1
DA:2,1
DA:3,1
DA:4,1
DA:5,1
LF:5
LH:5
BRDA:1,0,0,1
BRDA:1,0,1,1
BRF:2
BRH:2
end_of_record
TN:
SF:packages\framework\src\enums\border_style\index.ts
FNF:0
FNH:0
DA:1,1
LF:1
LH:1
BRF:0
BRH:0
end_of_record
TN:
SF:packages\framework\src\enums\font_style\EN_HORIZONTAL_ALIGN.ts
FN:1,(anonymous_0)
FNF:1
FNH:1
FNDA:1,(anonymous_0)
DA:1,1
DA:2,1
DA:3,1
DA:4,1
LF:4
LH:4
BRDA:1,0,0,1
BRDA:1,0,1,1
BRF:2
BRH:2
end_of_record
TN:
SF:packages\framework\src\enums\font_style\EN_VERTICAL_ALIGN.ts
FN:1,(anonymous_0)
FNF:1
FNH:1
FNDA:1,(anonymous_0)
DA:1,1
DA:2,1
DA:3,1
DA:4,1
LF:4
LH:4
BRDA:1,0,0,1
BRDA:1,0,1,1
BRF:2
BRH:2
end_of_record
TN:
SF:packages\framework\src\enums\font_style\index.ts
FNF:0
FNH:0
DA:1,1
DA:2,1
LF:2
LH:2
BRF:0
BRH:0
end_of_record
TN:
SF:packages\framework\src\enums\modules\EN_MENU.ts
FN:1,(anonymous_0)
FN:8,(anonymous_1)
FN:13,(anonymous_2)
FNF:3
FNH:3
FNDA:1,(anonymous_0)
FNDA:1,(anonymous_1)
FNDA:1,(anonymous_2)
DA:1,1
DA:2,1
DA:3,1
DA:4,1
DA:5,1
DA:8,1
DA:9,1
DA:10,1
DA:13,1
LF:9
LH:9
BRDA:1,0,0,1
BRDA:1,0,1,1
BRDA:8,1,0,1
BRDA:8,1,1,1
BRDA:13,2,0,1
BRDA:13,2,1,1
BRF:6
BRH:6
end_of_record
TN:
SF:packages\framework\src\enums\modules\EN_MODULE_MAJOR_VERSION.ts
FN:1,(anonymous_0)
FNF:1
FNH:1
FNDA:1,(anonymous_0)
DA:1,1
DA:2,1
DA:3,1
DA:4,1
DA:5,1
DA:6,1
DA:7,1
DA:8,1
DA:9,1
DA:10,1
DA:11,1
LF:11
LH:11
BRDA:1,0,0,1
BRDA:1,0,1,1
BRF:2
BRH:2
end_of_record
TN:
SF:packages\framework\src\enums\modules\EN_MODULE_POSTFIX.ts
FN:1,(anonymous_0)
FNF:1
FNH:1
FNDA:1,(anonymous_0)
DA:1,1
DA:2,1
DA:3,1
LF:3
LH:3
BRDA:1,0,0,1
BRDA:1,0,1,1
BRF:2
BRH:2
end_of_record
TN:
SF:packages\framework\src\enums\modules\EN_MODULE_PREFIX.ts
FN:1,(anonymous_0)
FNF:1
FNH:1
FNDA:1,(anonymous_0)
DA:1,1
DA:2,1
DA:3,1
DA:4,1
DA:5,1
DA:6,1
DA:7,1
DA:8,1
DA:9,1
DA:10,1
DA:11,1
DA:12,1
DA:13,1
DA:14,1
DA:15,1
DA:16,1
DA:17,1
DA:18,1
LF:18
LH:18
BRDA:1,0,0,1
BRDA:1,0,1,1
BRF:2
BRH:2
end_of_record
TN:
SF:packages\framework\src\enums\modules\index.ts
FNF:0
FNH:0
DA:1,1
DA:2,1
DA:3,1
DA:4,1
LF:4
LH:4
BRF:0
BRH:0
end_of_record
TN:
SF:packages\framework\src\enums\platform\EN_PLATFORM.ts
FN:1,(anonymous_0)
FNF:1
FNH:0
FNDA:0,(anonymous_0)
DA:1,0
DA:2,0
DA:3,0
DA:4,0
DA:5,0
DA:6,0
LF:6
LH:0
BRDA:1,0,0,0
BRDA:1,0,1,0
BRF:2
BRH:0
end_of_record
TN:
SF:packages\framework\src\exception\Exception.ts
FN:12,(anonymous_0)
FN:16,(anonymous_1)
FNF:2
FNH:0
FNDA:0,(anonymous_0)
FNDA:0,(anonymous_1)
DA:1,1
DA:11,1
DA:13,0
DA:17,0
LF:4
LH:2
BRF:0
BRH:0
end_of_record
TN:
SF:packages\framework\src\exception\ThrowException.ts
FN:12,throwException
FN:20,(anonymous_1)
FNF:2
FNH:0
FNDA:0,throwException
FNDA:0,(anonymous_1)
DA:2,1
DA:12,1
DA:13,0
DA:14,0
DA:16,0
DA:19,1
DA:21,0
LF:7
LH:3
BRDA:13,0,0,0
BRF:1
BRH:0
end_of_record
TN:
SF:packages\framework\src\exception\index.ts
FNF:0
FNH:0
DA:1,1
DA:2,1
DA:3,1
DA:4,1
LF:4
LH:4
BRF:0
BRH:0
end_of_record
TN:
SF:packages\framework\src\exception\script\ScriptException.ts
FN:4,(anonymous_0)
FNF:1
FNH:0
FNDA:0,(anonymous_0)
DA:1,1
DA:3,1
DA:5,0
LF:3
LH:2
BRF:0
BRH:0
end_of_record
TN:
SF:packages\framework\src\exception\script\index.ts
FNF:0
FNH:0
DA:1,1
LF:1
LH:1
BRF:0
BRH:0
end_of_record
TN:
SF:packages\framework\src\exception\timeout\TimeoutException.ts
FN:7,throwTimeoutException
FN:12,(anonymous_1)
FNF:2
FNH:0
FNDA:0,throwTimeoutException
FNDA:0,(anonymous_1)
DA:1,1
DA:7,1
DA:8,0
DA:11,1
DA:13,0
LF:5
LH:3
BRF:0
BRH:0
end_of_record
TN:
SF:packages\framework\src\exception\timeout\index.ts
FNF:0
FNH:0
DA:1,1
LF:1
LH:1
BRF:0
BRH:0
end_of_record
TN:
SF:packages\framework\src\executor\ApiActionExecutor.ts
FNF:0
FNH:0
DA:1,1
DA:3,1
LF:2
LH:2
BRF:0
BRH:0
end_of_record
TN:
SF:packages\framework\src\executor\CommandExecutor.ts
FNF:0
FNH:0
DA:1,1
DA:3,1
LF:2
LH:2
BRF:0
BRH:0
end_of_record
TN:
SF:packages\framework\src\executor\Executor.ts
FN:22,(anonymous_1)
FN:26,(anonymous_2)
FN:30,(anonymous_3)
FN:58,(anonymous_4)
FN:69,(anonymous_5)
FNF:5
FNH:0
FNDA:0,(anonymous_1)
FNDA:0,(anonymous_2)
FNDA:0,(anonymous_3)
FNDA:0,(anonymous_4)
FNDA:0,(anonymous_5)
DA:1,1
DA:8,1
DA:19,1
DA:20,1
DA:23,0
DA:27,0
DA:38,0
DA:40,0
DA:42,0
DA:43,0
DA:46,0
DA:47,0
DA:48,0
DA:50,0
DA:53,0
DA:55,0
DA:61,0
DA:62,0
DA:63,0
DA:64,0
DA:67,0
DA:73,0
DA:74,0
DA:75,0
DA:76,0
DA:79,0
LF:26
LH:4
BRDA:42,0,0,0
BRDA:46,1,0,0
BRDA:47,2,0,0
BRDA:63,3,0,0
BRDA:75,4,0,0
BRF:5
BRH:0
end_of_record
TN:
SF:packages\framework\src\executor\InterpreterExecutor.ts
FNF:0
FNH:0
DA:1,1
DA:3,1
LF:2
LH:2
BRF:0
BRH:0
end_of_record
TN:
SF:packages\framework\src\executor\PageExecutor.ts
FNF:0
FNH:0
DA:1,1
DA:3,1
LF:2
LH:2
BRF:0
BRH:0
end_of_record
TN:
SF:packages\framework\src\executor\TaskExecutor.ts
FNF:0
FNH:0
DA:1,1
DA:3,1
LF:2
LH:2
BRF:0
BRH:0
end_of_record
TN:
SF:packages\framework\src\executor\UIActionExecutor.ts
FNF:0
FNH:0
DA:1,1
DA:3,1
LF:2
LH:2
BRF:0
BRH:0
end_of_record
TN:
SF:packages\framework\src\executor\UserActionExecutor.ts
FNF:0
FNH:0
DA:1,1
DA:3,1
LF:2
LH:2
BRF:0
BRH:0
end_of_record
TN:
SF:packages\framework\src\executor\WorkflowExecutor.ts
FNF:0
FNH:0
DA:1,1
DA:3,1
LF:2
LH:2
BRF:0
BRH:0
end_of_record
TN:
SF:packages\framework\src\executor\index.ts
FNF:0
FNH:0
DA:1,1
DA:3,1
DA:4,1
DA:5,1
DA:6,1
DA:7,1
DA:8,1
DA:9,1
DA:10,1
LF:9
LH:9
BRF:0
BRH:0
end_of_record
TN:
SF:packages\framework\src\implements\index.ts
FNF:0
FNH:0
DA:1,2
DA:2,2
DA:3,2
DA:4,2
DA:5,2
DA:6,2
DA:7,2
LF:7
LH:7
BRF:0
BRH:0
end_of_record
TN:
SF:packages\framework\src\implements\collection\List.ts
FN:18,(anonymous_0)
FN:21,(anonymous_1)
FN:26,(anonymous_2)
FN:34,(anonymous_3)
FN:42,(anonymous_4)
FN:56,(anonymous_5)
FN:61,(anonymous_6)
FNF:7
FNH:0
FNDA:0,(anonymous_0)
FNDA:0,(anonymous_1)
FNDA:0,(anonymous_2)
FNDA:0,(anonymous_3)
FNDA:0,(anonymous_4)
FNDA:0,(anonymous_5)
FNDA:0,(anonymous_6)
DA:16,0
DA:18,0
DA:19,0
DA:24,0
DA:30,0
DA:32,0
DA:38,0
DA:40,0
DA:46,0
DA:48,0
DA:50,0
DA:51,0
DA:54,0
DA:57,0
DA:59,0
DA:64,0
DA:66,0
LF:17
LH:0
BRDA:50,0,0,0
BRF:1
BRH:0
end_of_record
TN:
SF:packages\framework\src\implements\collection\Tree.ts
FN:18,(anonymous_0)
FN:21,(anonymous_1)
FN:24,(anonymous_2)
FN:27,(anonymous_3)
FN:30,(anonymous_4)
FN:33,(anonymous_5)
FN:36,(anonymous_6)
FN:41,(anonymous_7)
FN:46,(anonymous_8)
FN:49,(anonymous_9)
FN:52,(anonymous_10)
FNF:11
FNH:0
FNDA:0,(anonymous_0)
FNDA:0,(anonymous_1)
FNDA:0,(anonymous_2)
FNDA:0,(anonymous_3)
FNDA:0,(anonymous_4)
FNDA:0,(anonymous_5)
FNDA:0,(anonymous_6)
FNDA:0,(anonymous_7)
FNDA:0,(anonymous_8)
FNDA:0,(anonymous_9)
FNDA:0,(anonymous_10)
DA:15,0
DA:17,0
DA:19,0
DA:22,0
DA:25,0
DA:28,0
DA:31,0
DA:34,0
DA:39,0
DA:44,0
DA:47,0
DA:50,0
DA:53,0
LF:13
LH:0
BRF:0
BRH:0
end_of_record
TN:
SF:packages\framework\src\implements\collection\index.ts
FNF:0
FNH:0
DA:1,2
LF:1
LH:1
BRF:0
BRH:0
end_of_record
TN:
SF:packages\framework\src\implements\collection\base\BaseList.ts
FNF:0
FNH:0
DA:1,2
DA:4,2
LF:2
LH:2
BRF:0
BRH:0
end_of_record
TN:
SF:packages\framework\src\implements\collection\base\BaseTree.ts
FNF:0
FNH:0
DA:1,2
DA:3,2
LF:2
LH:2
BRF:0
BRH:0
end_of_record
TN:
SF:packages\framework\src\implements\collection\base\index.ts
FNF:0
FNH:0
DA:1,2
DA:2,2
LF:2
LH:2
BRF:0
BRH:0
end_of_record
TN:
SF:packages\framework\src\implements\dispose\Disposable.ts
FNF:0
FNH:0
DA:3,2
LF:1
LH:1
BRF:0
BRH:0
end_of_record
TN:
SF:packages\framework\src\implements\dispose\index.ts
FNF:0
FNH:0
DA:1,2
LF:1
LH:1
BRF:0
BRH:0
end_of_record
TN:
SF:packages\framework\src\implements\events\Delegator.ts
FN:10,(anonymous_0)
FN:17,(anonymous_1)
FN:21,(anonymous_2)
FN:28,(anonymous_3)
FN:41,(anonymous_4)
FN:43,(anonymous_5)
FN:50,(anonymous_6)
FN:57,(anonymous_7)
FNF:8
FNH:0
FNDA:0,(anonymous_0)
FNDA:0,(anonymous_1)
FNDA:0,(anonymous_2)
FNDA:0,(anonymous_3)
FNDA:0,(anonymous_4)
FNDA:0,(anonymous_5)
FNDA:0,(anonymous_6)
FNDA:0,(anonymous_7)
DA:1,2
DA:6,2
DA:11,0
DA:13,0
DA:14,0
DA:18,0
DA:22,0
DA:23,0
DA:25,0
DA:29,0
DA:31,0
DA:32,0
DA:33,0
DA:37,0
DA:38,0
DA:43,0
DA:44,0
DA:48,0
DA:49,0
DA:50,0
DA:51,0
DA:53,0
DA:58,0
DA:59,0
DA:61,0
LF:25
LH:2
BRDA:22,0,0,0
BRDA:29,1,0,0
BRDA:37,2,0,0
BRDA:37,2,1,0
BRDA:37,3,0,0
BRDA:37,3,1,0
BRDA:38,4,0,0
BRDA:38,4,1,0
BRDA:38,5,0,0
BRDA:38,5,1,0
BRDA:43,6,0,0
BRDA:43,6,1,0
BRDA:43,7,0,0
BRDA:43,7,1,0
BRDA:48,8,0,0
BRDA:58,9,0,0
BRF:16
BRH:0
end_of_record
TN:
SF:packages\framework\src\implements\events\Observer.ts
FN:8,(anonymous_0)
FN:12,(anonymous_1)
FN:16,(anonymous_2)
FN:20,(anonymous_3)
FN:24,(anonymous_4)
FN:32,(anonymous_5)
FN:41,(anonymous_6)
FNF:7
FNH:0
FNDA:0,(anonymous_0)
FNDA:0,(anonymous_1)
FNDA:0,(anonymous_2)
FNDA:0,(anonymous_3)
FNDA:0,(anonymous_4)
FNDA:0,(anonymous_5)
FNDA:0,(anonymous_6)
DA:2,2
DA:5,2
DA:6,0
DA:9,0
DA:13,0
DA:17,0
DA:21,0
DA:25,0
DA:26,0
DA:31,2
DA:32,0
DA:33,0
DA:35,0
DA:36,0
DA:42,0
LF:15
LH:3
BRDA:35,0,0,0
BRF:1
BRH:0
end_of_record
TN:
SF:packages\framework\src\implements\events\index.ts
FNF:0
FNH:0
DA:1,2
DA:2,2
LF:2
LH:2
BRF:0
BRH:0
end_of_record
TN:
SF:packages\framework\src\implements\generator\Generator.ts
FNF:0
FNH:0
DA:1,2
DA:4,2
LF:2
LH:2
BRF:0
BRH:0
end_of_record
TN:
SF:packages\framework\src\implements\generator\index.ts
FNF:0
FNH:0
DA:1,2
LF:1
LH:1
BRF:0
BRH:0
end_of_record
TN:
SF:packages\framework\src\implements\identifier\SolutionIdentifier.ts
FN:5,(anonymous_0)
FN:9,(anonymous_1)
FN:13,(anonymous_2)
FNF:3
FNH:0
FNDA:0,(anonymous_0)
FNDA:0,(anonymous_1)
FNDA:0,(anonymous_2)
DA:1,2
DA:4,2
DA:5,0
DA:6,0
DA:10,0
DA:14,0
LF:6
LH:2
BRF:0
BRH:0
end_of_record
TN:
SF:packages\framework\src\implements\identifier\index.ts
FNF:0
FNH:0
DA:1,2
LF:1
LH:1
BRF:0
BRH:0
end_of_record
TN:
SF:packages\framework\src\implements\network\Fetch.ts
FN:7,(anonymous_0)
FN:11,(anonymous_1)
FN:15,(anonymous_2)
FN:28,(anonymous_3)
FN:37,(anonymous_4)
FN:42,(anonymous_5)
FN:46,(anonymous_6)
FN:50,(anonymous_7)
FN:54,(anonymous_8)
FN:58,(anonymous_9)
FN:61,(anonymous_10)
FNF:11
FNH:0
FNDA:0,(anonymous_0)
FNDA:0,(anonymous_1)
FNDA:0,(anonymous_2)
FNDA:0,(anonymous_3)
FNDA:0,(anonymous_4)
FNDA:0,(anonymous_5)
FNDA:0,(anonymous_6)
FNDA:0,(anonymous_7)
FNDA:0,(anonymous_8)
FNDA:0,(anonymous_9)
FNDA:0,(anonymous_10)
DA:1,2
DA:2,2
DA:4,2
DA:8,0
DA:12,0
DA:16,0
DA:17,0
DA:19,0
DA:30,0
DA:31,0
DA:35,0
DA:38,0
DA:43,0
DA:47,0
DA:51,0
DA:55,0
DA:59,0
DA:62,0
LF:18
LH:3
BRDA:30,0,0,0
BRDA:62,1,0,0
BRDA:62,1,1,0
BRDA:62,2,0,0
BRDA:62,2,1,0
BRF:5
BRH:0
end_of_record
TN:
SF:packages\framework\src\implements\network\index.ts
FNF:0
FNH:0
DA:1,2
LF:1
LH:1
BRF:0
BRH:0
end_of_record
TN:
SF:packages\framework\src\implements\register\Registry.ts
FN:7,(anonymous_0)
FN:16,(anonymous_1)
FN:22,(anonymous_2)
FN:27,(anonymous_3)
FN:29,(anonymous_4)
FN:35,(anonymous_5)
FN:39,(anonymous_6)
FN:43,(anonymous_7)
FN:50,(anonymous_8)
FN:57,(anonymous_9)
FN:61,(anonymous_10)
FN:64,(anonymous_11)
FNF:12
FNH:0
FNDA:0,(anonymous_0)
FNDA:0,(anonymous_1)
FNDA:0,(anonymous_2)
FNDA:0,(anonymous_3)
FNDA:0,(anonymous_4)
FNDA:0,(anonymous_5)
FNDA:0,(anonymous_6)
FNDA:0,(anonymous_7)
FNDA:0,(anonymous_8)
FNDA:0,(anonymous_9)
FNDA:0,(anonymous_10)
FNDA:0,(anonymous_11)
DA:7,0
DA:8,0
DA:17,0
DA:18,0
DA:20,0
DA:22,0
DA:23,0
DA:28,0
DA:29,0
DA:31,0
DA:36,0
DA:40,0
DA:44,0
DA:45,0
DA:47,0
DA:51,0
DA:52,0
DA:54,0
DA:58,0
DA:59,0
DA:61,0
DA:65,0
DA:66,0
DA:68,0
DA:69,0
LF:25
LH:0
BRDA:17,0,0,0
BRDA:28,1,0,0
BRDA:28,1,1,0
BRDA:40,2,0,0
BRDA:40,2,1,0
BRDA:44,3,0,0
BRDA:51,4,0,0
BRDA:58,5,0,0
BRDA:65,6,0,0
BRF:9
BRH:0
end_of_record
TN:
SF:packages\framework\src\implements\runtime\Runtime.ts
FN:5,(anonymous_0)
FN:9,(anonymous_1)
FNF:2
FNH:0
FNDA:0,(anonymous_0)
FNDA:0,(anonymous_1)
DA:1,0
DA:3,0
DA:6,0
DA:10,0
LF:4
LH:0
BRF:0
BRH:0
end_of_record
TN:
SF:packages\framework\src\implements\runtime\index.ts
FNF:0
FNH:0
DA:1,0
LF:1
LH:0
BRF:0
BRH:0
end_of_record
TN:
SF:packages\framework\src\interfaces\index.ts
FNF:0
FNH:0
DA:1,1
DA:2,1
DA:3,1
DA:4,1
DA:5,1
DA:6,1
DA:7,1
DA:8,1
DA:9,1
DA:10,1
DA:11,1
DA:12,1
LF:12
LH:12
BRF:0
BRH:0
end_of_record
TN:
SF:packages\framework\src\interfaces\HTMLEntity\index.ts
FNF:0
FNH:0
DA:1,1
LF:1
LH:1
BRF:0
BRH:0
end_of_record
TN:
SF:packages\framework\src\interfaces\configuration\index.ts
FNF:0
FNH:0
DA:1,1
DA:2,1
LF:2
LH:2
BRF:0
BRH:0
end_of_record
TN:
SF:packages\framework\src\interfaces\configuration\htmlshape\HTMLRectangleConfiguration.ts
FN:15,(anonymous_0)
FN:19,(anonymous_1)
FN:22,(anonymous_2)
FN:25,(anonymous_3)
FN:34,(anonymous_4)
FNF:5
FNH:0
FNDA:0,(anonymous_0)
FNDA:0,(anonymous_1)
FNDA:0,(anonymous_2)
FNDA:0,(anonymous_3)
FNDA:0,(anonymous_4)
DA:6,1
DA:16,0
DA:20,0
DA:23,0
DA:32,0
DA:37,0
LF:6
LH:1
BRF:0
BRH:0
end_of_record
TN:
SF:packages\framework\src\interfaces\configuration\htmlshape\index.ts
FNF:0
FNH:0
DA:1,1
DA:2,1
LF:2
LH:2
BRF:0
BRH:0
end_of_record
TN:
SF:packages\framework\src\interfaces\configuration\shape\index.ts
FNF:0
FNH:0
DA:1,1
LF:1
LH:1
BRF:0
BRH:0
end_of_record
TN:
SF:packages\framework\src\interfaces\data_model_definition\index.ts
FNF:0
FNH:0
DA:1,1
DA:2,1
LF:2
LH:2
BRF:0
BRH:0
end_of_record
TN:
SF:packages\framework\src\interfaces\dispose\index.ts
FNF:0
FNH:0
DA:1,0
LF:1
LH:0
BRF:0
BRH:0
end_of_record
TN:
SF:packages\framework\src\interfaces\entity\index.ts
FNF:0
FNH:0
DA:1,1
DA:2,1
DA:4,1
DA:5,1
DA:6,1
DA:7,1
DA:8,1
DA:9,1
DA:10,1
DA:11,1
DA:12,1
DA:13,1
LF:12
LH:12
BRF:0
BRH:0
end_of_record
TN:
SF:packages\framework\src\interfaces\entity\base\index.ts
FNF:0
FNH:0
DA:1,1
DA:2,1
DA:3,1
DA:5,1
LF:4
LH:4
BRF:0
BRH:0
end_of_record
TN:
SF:packages\framework\src\interfaces\entity\shape\index.ts
FNF:0
FNH:0
DA:1,1
DA:2,1
DA:3,1
LF:3
LH:3
BRF:0
BRH:0
end_of_record
TN:
SF:packages\framework\src\interfaces\events\index.ts
FNF:0
FNH:0
DA:1,1
DA:2,1
DA:3,1
LF:3
LH:3
BRF:0
BRH:0
end_of_record
TN:
SF:packages\framework\src\interfaces\generator\index.ts
FNF:0
FNH:0
DA:1,1
DA:2,1
LF:2
LH:2
BRF:0
BRH:0
end_of_record
TN:
SF:packages\framework\src\interfaces\generator\viwemodelGenerator\index.ts
FNF:0
FNH:0
DA:1,1
LF:1
LH:1
BRF:0
BRH:0
end_of_record
TN:
SF:packages\framework\src\interfaces\identifier\IIdentifier.ts
FNF:0
FNH:0
DA:15,1
LF:1
LH:1
BRF:0
BRH:0
end_of_record
TN:
SF:packages\framework\src\interfaces\identifier\index.ts
FNF:0
FNH:0
DA:4,1
DA:5,1
DA:6,1
DA:7,1
DA:8,1
DA:9,1
DA:10,1
DA:11,1
DA:12,1
DA:13,1
DA:14,1
DA:15,1
DA:17,1
LF:13
LH:13
BRF:0
BRH:0
end_of_record
TN:
SF:packages\framework\src\interfaces\identifier\action\index.ts
FNF:0
FNH:0
DA:1,1
LF:1
LH:1
BRF:0
BRH:0
end_of_record
TN:
SF:packages\framework\src\interfaces\identifier\atomic\index.ts
FNF:0
FNH:0
DA:1,1
LF:1
LH:1
BRF:0
BRH:0
end_of_record
TN:
SF:packages\framework\src\interfaces\identifier\command\index.ts
FNF:0
FNH:0
DA:1,1
LF:1
LH:1
BRF:0
BRH:0
end_of_record
TN:
SF:packages\framework\src\interfaces\identifier\interpreter\index.ts
FNF:0
FNH:0
DA:1,1
DA:3,1
LF:2
LH:2
BRF:0
BRH:0
end_of_record
TN:
SF:packages\framework\src\interfaces\identifier\molecules\index.ts
FNF:0
FNH:0
DA:1,1
LF:1
LH:1
BRF:0
BRH:0
end_of_record
TN:
SF:packages\framework\src\interfaces\identifier\observer\index.ts
FNF:0
FNH:0
DA:1,1
LF:1
LH:1
BRF:0
BRH:0
end_of_record
TN:
SF:packages\framework\src\interfaces\identifier\organisms\index.ts
FNF:0
FNH:0
DA:1,1
LF:1
LH:1
BRF:0
BRH:0
end_of_record
TN:
SF:packages\framework\src\interfaces\identifier\page\index.ts
FNF:0
FNH:0
DA:1,1
LF:1
LH:1
BRF:0
BRH:0
end_of_record
TN:
SF:packages\framework\src\interfaces\identifier\solution\index.ts
FNF:0
FNH:0
DA:1,1
LF:1
LH:1
BRF:0
BRH:0
end_of_record
TN:
SF:packages\framework\src\interfaces\identifier\task\index.ts
FNF:0
FNH:0
DA:1,1
LF:1
LH:1
BRF:0
BRH:0
end_of_record
TN:
SF:packages\framework\src\interfaces\identifier\useraction\UserActionIdentifier.ts
FN:5,UserActionIdentifier
FNF:1
FNH:0
FNDA:0,UserActionIdentifier
DA:5,1
LF:1
LH:1
BRF:0
BRH:0
end_of_record
TN:
SF:packages\framework\src\interfaces\identifier\useraction\index.ts
FNF:0
FNH:0
DA:1,1
LF:1
LH:1
BRF:0
BRH:0
end_of_record
TN:
SF:packages\framework\src\interfaces\identifier\workflow\index.ts
FNF:0
FNH:0
DA:1,1
LF:1
LH:1
BRF:0
BRH:0
end_of_record
TN:
SF:packages\framework\src\interfaces\logger\index.ts
FNF:0
FNH:0
DA:1,1
LF:1
LH:1
BRF:0
BRH:0
end_of_record
TN:
SF:packages\framework\src\interfaces\module\index.ts
FNF:0
FNH:0
DA:1,1
DA:3,1
DA:4,1
DA:5,1
DA:6,1
LF:5
LH:5
BRF:0
BRH:0
end_of_record
TN:
SF:packages\framework\src\interfaces\plugins\index.ts
FNF:0
FNH:0
DA:1,1
DA:2,1
DA:3,1
LF:3
LH:3
BRF:0
BRH:0
end_of_record
TN:
SF:packages\framework\src\interfaces\register\index.ts
FNF:0
FNH:0
DA:1,1
LF:1
LH:1
BRF:0
BRH:0
end_of_record
TN:
SF:packages\framework\src\interfaces\solution\index.ts
FNF:0
FNH:0
DA:1,1
LF:1
LH:1
BRF:0
BRH:0
end_of_record
TN:
SF:packages\framework\src\lifecycle\index.ts
FNF:0
FNH:0
DA:1,1
LF:1
LH:1
BRF:0
BRH:0
end_of_record
TN:
SF:packages\framework\src\lifecycle\solution\index.ts
FNF:0
FNH:0
DA:1,1
LF:1
LH:1
BRF:0
BRH:0
end_of_record
TN:
SF:packages\framework\src\middleware\fetchApi.ts
FN:7,(anonymous_0)
FN:11,(anonymous_1)
FN:15,(anonymous_2)
FN:26,(anonymous_3)
FNF:4
FNH:0
FNDA:0,(anonymous_0)
FNDA:0,(anonymous_1)
FNDA:0,(anonymous_2)
FNDA:0,(anonymous_3)
DA:2,1
DA:4,1
DA:8,0
DA:12,0
DA:16,0
DA:17,0
DA:19,0
DA:21,0
DA:22,0
DA:27,0
LF:10
LH:2
BRDA:27,0,0,0
BRDA:27,0,1,0
BRDA:27,1,0,0
BRDA:27,1,1,0
BRF:4
BRH:0
end_of_record
TN:
SF:packages\framework\src\middleware\index.ts
FNF:0
FNH:0
DA:1,1
DA:2,1
LF:2
LH:2
BRF:0
BRH:0
end_of_record
TN:
SF:packages\framework\src\middleware\middlerware.ts
FN:1,middleware
FN:2,(anonymous_1)
FNF:2
FNH:0
FNDA:0,middleware
FNDA:0,(anonymous_1)
DA:1,1
DA:2,0
DA:3,0
LF:3
LH:1
BRF:0
BRH:0
end_of_record
TN:
SF:packages\framework\src\reflect\TypeScriptAnalyzer.ts
FN:13,(anonymous_9)
FN:25,(anonymous_10)
FN:40,(anonymous_11)
FN:52,(anonymous_12)
FN:72,(anonymous_13)
FN:79,(anonymous_14)
FN:95,(anonymous_15)
FN:100,(anonymous_16)
FN:104,(anonymous_17)
FN:121,(anonymous_18)
FN:133,(anonymous_19)
FN:141,(anonymous_20)
FN:164,(anonymous_21)
FN:169,(anonymous_22)
FN:174,(anonymous_23)
FN:190,(anonymous_24)
FN:222,(anonymous_25)
FN:225,(anonymous_26)
FN:233,(anonymous_27)
FN:253,(anonymous_28)
FN:264,(anonymous_29)
FN:287,(anonymous_30)
FN:316,(anonymous_31)
FN:322,(anonymous_32)
FN:323,(anonymous_33)
FN:335,(anonymous_34)
FN:341,(anonymous_35)
FN:357,(anonymous_36)
FN:364,visit
FNF:29
FNH:23
FNDA:1,(anonymous_9)
FNDA:1,(anonymous_10)
FNDA:5,(anonymous_11)
FNDA:6,(anonymous_12)
FNDA:6,(anonymous_13)
FNDA:5,(anonymous_14)
FNDA:5,(anonymous_15)
FNDA:1,(anonymous_16)
FNDA:0,(anonymous_17)
FNDA:5,(anonymous_18)
FNDA:6,(anonymous_19)
FNDA:6,(anonymous_20)
FNDA:0,(anonymous_21)
FNDA:0,(anonymous_22)
FNDA:0,(anonymous_23)
FNDA:3,(anonymous_24)
FNDA:3,(anonymous_25)
FNDA:6,(anonymous_26)
FNDA:1,(anonymous_27)
FNDA:2,(anonymous_28)
FNDA:2,(anonymous_29)
FNDA:1,(anonymous_30)
FNDA:1,(anonymous_31)
FNDA:0,(anonymous_32)
FNDA:0,(anonymous_33)
FNDA:1,(anonymous_34)
FNDA:3,(anonymous_35)
FNDA:1,(anonymous_36)
FNDA:69,visit
DA:1,1
DA:14,1
DA:26,1
DA:44,5
DA:45,5
DA:56,6
DA:57,6
DA:58,6
DA:61,6
DA:64,6
DA:66,6
DA:76,6
DA:77,6
DA:79,6
DA:80,5
DA:81,5
DA:83,5
DA:96,5
DA:98,5
DA:99,1
DA:101,1
DA:104,0
DA:110,4
DA:111,4
DA:114,0
DA:115,0
DA:125,5
DA:138,6
DA:142,6
DA:148,6
DA:167,0
DA:169,0
DA:170,0
DA:171,0
DA:172,0
DA:175,0
DA:179,0
DA:195,3
DA:203,3
DA:204,1
DA:207,2
DA:208,2
DA:216,0
DA:223,3
DA:225,6
DA:238,1
DA:239,1
DA:241,1
DA:242,0
DA:247,1
DA:259,2
DA:260,2
DA:264,2
DA:274,2
DA:275,0
DA:280,2
DA:292,1
DA:294,1
DA:307,1
DA:308,1
DA:310,1
DA:320,1
DA:322,0
DA:323,0
DA:324,0
DA:325,0
DA:326,0
DA:327,0
DA:341,1
DA:342,3
DA:347,3
DA:348,3
DA:358,1
DA:359,1
DA:360,1
DA:362,1
DA:365,69
DA:366,1
DA:371,1
DA:372,1
DA:375,69
DA:378,1
DA:379,1
DA:383,1
DA:386,1
DA:422,1
DA:423,1
LF:87
LH:68
BRDA:77,0,0,0
BRDA:96,1,0,0
BRDA:98,2,0,1
BRDA:101,3,0,0
BRDA:101,3,1,1
BRDA:103,4,0,0
BRDA:103,4,1,1
BRDA:110,5,0,4
BRDA:125,6,0,5
BRDA:125,6,1,0
BRDA:150,7,0,3
BRDA:150,7,1,3
BRDA:167,8,0,0
BRDA:171,9,0,0
BRDA:175,10,0,0
BRDA:175,10,1,0
BRDA:203,11,0,1
BRDA:207,12,0,2
BRDA:224,13,0,3
BRDA:224,13,1,0
BRDA:224,14,0,0
BRDA:224,14,1,3
BRDA:224,15,0,3
BRDA:224,15,1,3
BRDA:241,16,0,0
BRDA:260,17,0,2
BRDA:260,17,1,0
BRDA:268,18,0,0
BRDA:268,18,1,2
BRDA:274,19,0,0
BRDA:292,20,0,0
BRDA:297,21,0,0
BRDA:297,21,1,1
BRDA:320,22,0,1
BRDA:324,23,0,0
BRDA:324,23,1,0
BRDA:326,24,0,0
BRDA:347,25,0,3
BRDA:365,26,0,1
BRDA:371,27,0,1
BRF:40
BRH:20
end_of_record
TN:
SF:packages\framework\src\reflect\index.ts
FNF:0
FNH:0
DA:1,1
DA:3,1
LF:2
LH:2
BRF:0
BRH:0
end_of_record
TN:
SF:packages\framework\src\reflect\interfaces\index.ts
FNF:0
FNH:0
DA:1,1
DA:2,1
DA:3,1
DA:4,1
DA:5,1
DA:6,1
LF:6
LH:6
BRF:0
BRH:0
end_of_record
TN:
SF:packages\framework\src\security\index.ts
FNF:0
FNH:0
DA:1,1
LF:1
LH:1
BRF:0
BRH:0
end_of_record
TN:
SF:packages\framework\src\validate\index.ts
FNF:0
FNH:0
DA:1,1
DA:2,1
DA:3,1
DA:4,1
LF:4
LH:4
BRF:0
BRH:0
end_of_record
TN:
SF:packages\framework\src\validate\max_length\index.ts
FNF:0
FNH:0
DA:1,1
LF:1
LH:1
BRF:0
BRH:0
end_of_record
TN:
SF:packages\framework\src\validate\max_length\txt_max_length.ts
FN:1,txt_max_length
FNF:1
FNH:0
FNDA:0,txt_max_length
DA:1,1
LF:1
LH:1
BRF:0
BRH:0
end_of_record
TN:
SF:packages\framework\src\validate\not_null\index.ts
FNF:0
FNH:0
DA:1,1
LF:1
LH:1
BRF:0
BRH:0
end_of_record
TN:
SF:packages\framework\src\validate\not_null\txt_not_null.ts
FN:1,txt_not_null
FNF:1
FNH:0
FNDA:0,txt_not_null
DA:1,1
LF:1
LH:1
BRF:0
BRH:0
end_of_record
TN:
SF:packages\framework\src\validate\special_reg_exp\index.ts
FNF:0
FNH:0
DA:1,1
LF:1
LH:1
BRF:0
BRH:0
end_of_record
TN:
SF:packages\framework\src\validate\special_reg_exp\special_reg_exp.ts
FN:1,special_reg_exp
FNF:1
FNH:0
FNDA:0,special_reg_exp
DA:1,1
LF:1
LH:1
BRF:0
BRH:0
end_of_record
TN:
SF:packages\framework\src\validate\verify\index.ts
FNF:0
FNH:0
DA:1,1
LF:1
LH:1
BRF:0
BRH:0
end_of_record
TN:
SF:packages\framework\src\validate\verify\txt_verify.ts
FN:1,txt_verify
FNF:1
FNH:0
FNDA:0,txt_verify
DA:1,1
LF:1
LH:1
BRF:0
BRH:0
end_of_record
